<?xml version="1.0" encoding="UTF-8"?>
<!-- Generated by org.testng.reporters.JUnitReportReporter -->
<testsuite skipped="0" hostname="harsh" name="tests.FirstTest" tests="1" failures="0" timestamp="18 Feb 2018 19:05:41 GMT" time="0.016" errors="0">
  <testcase name="f" time="0.016" classname="tests.FirstTest"/>
</testsuite> <!-- tests.FirstTest -->
