<?xml version="1.0" encoding="UTF-8"?>
<!-- Generated by org.testng.reporters.JUnitReportReporter -->
<testsuite skipped="0" hostname="harsh" name="tests.ExtendReport" tests="1" failures="0" timestamp="18 Feb 2018 19:06:07 GMT" time="1.024" errors="0">
  <testcase name="f" time="1.024" classname="tests.ExtendReport"/>
</testsuite> <!-- tests.ExtendReport -->
